CRITICAL - 2025-07-04 15:32:56 --> Error: Call to undefined method CodeIgniter\View\View::extends()
[Method: GET, Route: /]
in APPPATH\Views\main\dashboard.php on line 1.
 1 SYSTEMPATH\View\View.php(224): include()
 2 SYSTEMPATH\View\View.php(227): CodeIgniter\View\View->CodeIgniter\View\{closure}()
 3 SYSTEMPATH\Common.php(1173): CodeIgniter\View\View->render('main/dashboard', [], true)
 4 APPPATH\Controllers\Main.php(9): view('main/dashboard')
 5 SYSTEMPATH\CodeIgniter.php(933): App\Controllers\Main->index()
 6 SYSTEMPATH\CodeIgniter.php(507): CodeIgniter\CodeIgniter->runController(Object(App\Controllers\Main))
 7 SYSTEMPATH\CodeIgniter.php(354): CodeIgniter\CodeIgniter->handleRequest(null, Object(Config\Cache), false)
 8 SYSTEMPATH\Boot.php(334): CodeIgniter\CodeIgniter->run()
 9 SYSTEMPATH\Boot.php(67): CodeIgniter\Boot::runCodeIgniter(Object(CodeIgniter\CodeIgniter))
10 FCPATH\index.php(59): CodeIgniter\Boot::bootWeb(Object(Config\Paths))
11 SYSTEMPATH\rewrite.php(44): require_once('D:\\laragon\\www\\upbnews\\public\\index.php')
CRITICAL - 2025-07-04 15:34:32 --> Error: Call to undefined method CodeIgniter\View\View::extends()
[Method: GET, Route: /]
in APPPATH\Views\main\dashboard.php on line 1.
 1 SYSTEMPATH\View\View.php(224): include()
 2 SYSTEMPATH\View\View.php(227): CodeIgniter\View\View->CodeIgniter\View\{closure}()
 3 SYSTEMPATH\Common.php(1173): CodeIgniter\View\View->render('main/dashboard', [], true)
 4 APPPATH\Controllers\Main.php(9): view('main/dashboard')
 5 SYSTEMPATH\CodeIgniter.php(933): App\Controllers\Main->index()
 6 SYSTEMPATH\CodeIgniter.php(507): CodeIgniter\CodeIgniter->runController(Object(App\Controllers\Main))
 7 SYSTEMPATH\CodeIgniter.php(354): CodeIgniter\CodeIgniter->handleRequest(null, Object(Config\Cache), false)
 8 SYSTEMPATH\Boot.php(334): CodeIgniter\CodeIgniter->run()
 9 SYSTEMPATH\Boot.php(67): CodeIgniter\Boot::runCodeIgniter(Object(CodeIgniter\CodeIgniter))
10 FCPATH\index.php(59): CodeIgniter\Boot::bootWeb(Object(Config\Paths))
11 SYSTEMPATH\rewrite.php(44): require_once('D:\\laragon\\www\\upbnews\\public\\index.php')
CRITICAL - 2025-07-04 15:36:13 --> Error: Call to undefined method CodeIgniter\View\View::extends()
[Method: GET, Route: /]
in APPPATH\Views\main\dashboard.php on line 1.
 1 SYSTEMPATH\View\View.php(224): include()
 2 SYSTEMPATH\View\View.php(227): CodeIgniter\View\View->CodeIgniter\View\{closure}()
 3 SYSTEMPATH\Common.php(1173): CodeIgniter\View\View->render('main/dashboard', [], true)
 4 APPPATH\Controllers\Main.php(9): view('main/dashboard')
 5 SYSTEMPATH\CodeIgniter.php(933): App\Controllers\Main->index()
 6 SYSTEMPATH\CodeIgniter.php(507): CodeIgniter\CodeIgniter->runController(Object(App\Controllers\Main))
 7 SYSTEMPATH\CodeIgniter.php(354): CodeIgniter\CodeIgniter->handleRequest(null, Object(Config\Cache), false)
 8 SYSTEMPATH\Boot.php(334): CodeIgniter\CodeIgniter->run()
 9 SYSTEMPATH\Boot.php(67): CodeIgniter\Boot::runCodeIgniter(Object(CodeIgniter\CodeIgniter))
10 FCPATH\index.php(59): CodeIgniter\Boot::bootWeb(Object(Config\Paths))
11 SYSTEMPATH\rewrite.php(44): require_once('D:\\laragon\\www\\upbnews\\public\\index.php')
CRITICAL - 2025-07-04 15:36:34 --> Error: Call to undefined method CodeIgniter\View\View::extends()
[Method: GET, Route: /]
in APPPATH\Views\main\dashboard.php on line 1.
 1 SYSTEMPATH\View\View.php(224): include()
 2 SYSTEMPATH\View\View.php(227): CodeIgniter\View\View->CodeIgniter\View\{closure}()
 3 SYSTEMPATH\Common.php(1173): CodeIgniter\View\View->render('main/dashboard', [], true)
 4 APPPATH\Controllers\Main.php(9): view('main/dashboard')
 5 SYSTEMPATH\CodeIgniter.php(933): App\Controllers\Main->index()
 6 SYSTEMPATH\CodeIgniter.php(507): CodeIgniter\CodeIgniter->runController(Object(App\Controllers\Main))
 7 SYSTEMPATH\CodeIgniter.php(354): CodeIgniter\CodeIgniter->handleRequest(null, Object(Config\Cache), false)
 8 SYSTEMPATH\Boot.php(334): CodeIgniter\CodeIgniter->run()
 9 SYSTEMPATH\Boot.php(67): CodeIgniter\Boot::runCodeIgniter(Object(CodeIgniter\CodeIgniter))
10 FCPATH\index.php(59): CodeIgniter\Boot::bootWeb(Object(Config\Paths))
11 SYSTEMPATH\rewrite.php(44): require_once('D:\\laragon\\www\\upbnews\\public\\index.php')
CRITICAL - 2025-07-04 15:39:13 --> Error: Call to undefined method CodeIgniter\View\View::extends()
[Method: GET, Route: /]
in APPPATH\Views\main\dashboard.php on line 1.
 1 SYSTEMPATH\View\View.php(224): include()
 2 SYSTEMPATH\View\View.php(227): CodeIgniter\View\View->CodeIgniter\View\{closure}()
 3 SYSTEMPATH\Common.php(1173): CodeIgniter\View\View->render('main/dashboard', [], true)
 4 APPPATH\Controllers\Main.php(9): view('main/dashboard')
 5 SYSTEMPATH\CodeIgniter.php(933): App\Controllers\Main->index()
 6 SYSTEMPATH\CodeIgniter.php(507): CodeIgniter\CodeIgniter->runController(Object(App\Controllers\Main))
 7 SYSTEMPATH\CodeIgniter.php(354): CodeIgniter\CodeIgniter->handleRequest(null, Object(Config\Cache), false)
 8 SYSTEMPATH\Boot.php(334): CodeIgniter\CodeIgniter->run()
 9 SYSTEMPATH\Boot.php(67): CodeIgniter\Boot::runCodeIgniter(Object(CodeIgniter\CodeIgniter))
10 FCPATH\index.php(59): CodeIgniter\Boot::bootWeb(Object(Config\Paths))
11 SYSTEMPATH\rewrite.php(44): require_once('D:\\laragon\\www\\upbnews\\public\\index.php')
CRITICAL - 2025-07-04 15:47:48 --> CodeIgniter\View\Exceptions\ViewException: Invalid file: "head.php"
[Method: GET, Route: /]
in SYSTEMPATH\Exceptions\FrameworkException.php on line 39.
 1 SYSTEMPATH\View\View.php(212): CodeIgniter\Exceptions\FrameworkException::forInvalidFile('head.php')
 2 SYSTEMPATH\View\View.php(475): CodeIgniter\View\View->render('head', null, true)
 3 APPPATH\Views\templates\index.php(5): CodeIgniter\View\View->include('head')
 4 SYSTEMPATH\View\View.php(224): include('D:\\laragon\\www\\upbnews\\app\\Views\\templates\\index.php')
 5 SYSTEMPATH\View\View.php(227): CodeIgniter\View\View->CodeIgniter\View\{closure}()
 6 SYSTEMPATH\View\View.php(240): CodeIgniter\View\View->render('templates/index', [], true)
 7 SYSTEMPATH\Common.php(1173): CodeIgniter\View\View->render('main/index', [], true)
 8 APPPATH\Controllers\Main.php(9): view('main/index')
 9 SYSTEMPATH\CodeIgniter.php(933): App\Controllers\Main->index()
10 SYSTEMPATH\CodeIgniter.php(507): CodeIgniter\CodeIgniter->runController(Object(App\Controllers\Main))
11 SYSTEMPATH\CodeIgniter.php(354): CodeIgniter\CodeIgniter->handleRequest(null, Object(Config\Cache), false)
12 SYSTEMPATH\Boot.php(334): CodeIgniter\CodeIgniter->run()
13 SYSTEMPATH\Boot.php(67): CodeIgniter\Boot::runCodeIgniter(Object(CodeIgniter\CodeIgniter))
14 FCPATH\index.php(59): CodeIgniter\Boot::bootWeb(Object(Config\Paths))
15 SYSTEMPATH\rewrite.php(44): require_once('D:\\laragon\\www\\upbnews\\public\\index.php')
CRITICAL - 2025-07-04 15:47:54 --> CodeIgniter\View\Exceptions\ViewException: Invalid file: "head.php"
[Method: GET, Route: /]
in SYSTEMPATH\Exceptions\FrameworkException.php on line 39.
 1 SYSTEMPATH\View\View.php(212): CodeIgniter\Exceptions\FrameworkException::forInvalidFile('head.php')
 2 SYSTEMPATH\View\View.php(475): CodeIgniter\View\View->render('head', null, true)
 3 APPPATH\Views\templates\index.php(5): CodeIgniter\View\View->include('head')
 4 SYSTEMPATH\View\View.php(224): include('D:\\laragon\\www\\upbnews\\app\\Views\\templates\\index.php')
 5 SYSTEMPATH\View\View.php(227): CodeIgniter\View\View->CodeIgniter\View\{closure}()
 6 SYSTEMPATH\View\View.php(240): CodeIgniter\View\View->render('templates/index', [], true)
 7 SYSTEMPATH\Common.php(1173): CodeIgniter\View\View->render('main/index', [], true)
 8 APPPATH\Controllers\Main.php(9): view('main/index')
 9 SYSTEMPATH\CodeIgniter.php(933): App\Controllers\Main->index()
10 SYSTEMPATH\CodeIgniter.php(507): CodeIgniter\CodeIgniter->runController(Object(App\Controllers\Main))
11 SYSTEMPATH\CodeIgniter.php(354): CodeIgniter\CodeIgniter->handleRequest(null, Object(Config\Cache), false)
12 SYSTEMPATH\Boot.php(334): CodeIgniter\CodeIgniter->run()
13 SYSTEMPATH\Boot.php(67): CodeIgniter\Boot::runCodeIgniter(Object(CodeIgniter\CodeIgniter))
14 FCPATH\index.php(59): CodeIgniter\Boot::bootWeb(Object(Config\Paths))
15 SYSTEMPATH\rewrite.php(44): require_once('D:\\laragon\\www\\upbnews\\public\\index.php')
CRITICAL - 2025-07-04 15:48:09 --> CodeIgniter\View\Exceptions\ViewException: Invalid file: "/head.php"
[Method: GET, Route: /]
in SYSTEMPATH\Exceptions\FrameworkException.php on line 39.
 1 SYSTEMPATH\View\View.php(212): CodeIgniter\Exceptions\FrameworkException::forInvalidFile('/head.php')
 2 SYSTEMPATH\View\View.php(475): CodeIgniter\View\View->render('/head', null, true)
 3 APPPATH\Views\templates\index.php(5): CodeIgniter\View\View->include('/head')
 4 SYSTEMPATH\View\View.php(224): include('D:\\laragon\\www\\upbnews\\app\\Views\\templates\\index.php')
 5 SYSTEMPATH\View\View.php(227): CodeIgniter\View\View->CodeIgniter\View\{closure}()
 6 SYSTEMPATH\View\View.php(240): CodeIgniter\View\View->render('templates/index', [], true)
 7 SYSTEMPATH\Common.php(1173): CodeIgniter\View\View->render('main/index', [], true)
 8 APPPATH\Controllers\Main.php(9): view('main/index')
 9 SYSTEMPATH\CodeIgniter.php(933): App\Controllers\Main->index()
10 SYSTEMPATH\CodeIgniter.php(507): CodeIgniter\CodeIgniter->runController(Object(App\Controllers\Main))
11 SYSTEMPATH\CodeIgniter.php(354): CodeIgniter\CodeIgniter->handleRequest(null, Object(Config\Cache), false)
12 SYSTEMPATH\Boot.php(334): CodeIgniter\CodeIgniter->run()
13 SYSTEMPATH\Boot.php(67): CodeIgniter\Boot::runCodeIgniter(Object(CodeIgniter\CodeIgniter))
14 FCPATH\index.php(59): CodeIgniter\Boot::bootWeb(Object(Config\Paths))
15 SYSTEMPATH\rewrite.php(44): require_once('D:\\laragon\\www\\upbnews\\public\\index.php')
CRITICAL - 2025-07-04 16:14:48 --> Error: Call to a member function encrypt() on null
[Method: GET, Route: /]
in APPPATH\Helpers\encrypt_helper.php on line 9.
 1 APPPATH\Views\main\index.php(115): e_text('123')
 2 SYSTEMPATH\View\View.php(224): include('D:\\laragon\\www\\upbnews\\app\\Views\\main\\index.php')
 3 SYSTEMPATH\View\View.php(227): CodeIgniter\View\View->CodeIgniter\View\{closure}()
 4 SYSTEMPATH\Common.php(1173): CodeIgniter\View\View->render('main/index', [], true)
 5 APPPATH\Controllers\Main.php(9): view('main/index')
 6 SYSTEMPATH\CodeIgniter.php(933): App\Controllers\Main->index()
 7 SYSTEMPATH\CodeIgniter.php(507): CodeIgniter\CodeIgniter->runController(Object(App\Controllers\Main))
 8 SYSTEMPATH\CodeIgniter.php(354): CodeIgniter\CodeIgniter->handleRequest(null, Object(Config\Cache), false)
 9 SYSTEMPATH\Boot.php(334): CodeIgniter\CodeIgniter->run()
10 SYSTEMPATH\Boot.php(67): CodeIgniter\Boot::runCodeIgniter(Object(CodeIgniter\CodeIgniter))
11 FCPATH\index.php(59): CodeIgniter\Boot::bootWeb(Object(Config\Paths))
12 SYSTEMPATH\rewrite.php(44): require_once('D:\\laragon\\www\\upbnews\\public\\index.php')
CRITICAL - 2025-07-04 16:14:48 --> Error: Call to a member function encrypt() on null
[Method: GET, Route: /]
in APPPATH\Helpers\encrypt_helper.php on line 9.
 1 APPPATH\Views\main\index.php(115): e_text('123')
 2 SYSTEMPATH\View\View.php(224): include('D:\\laragon\\www\\upbnews\\app\\Views\\main\\index.php')
 3 SYSTEMPATH\View\View.php(227): CodeIgniter\View\View->CodeIgniter\View\{closure}()
 4 SYSTEMPATH\Common.php(1173): CodeIgniter\View\View->render('main/index', [], true)
 5 APPPATH\Controllers\Main.php(9): view('main/index')
 6 SYSTEMPATH\CodeIgniter.php(933): App\Controllers\Main->index()
 7 SYSTEMPATH\CodeIgniter.php(507): CodeIgniter\CodeIgniter->runController(Object(App\Controllers\Main))
 8 SYSTEMPATH\CodeIgniter.php(354): CodeIgniter\CodeIgniter->handleRequest(null, Object(Config\Cache), false)
 9 SYSTEMPATH\Boot.php(334): CodeIgniter\CodeIgniter->run()
10 SYSTEMPATH\Boot.php(67): CodeIgniter\Boot::runCodeIgniter(Object(CodeIgniter\CodeIgniter))
11 FCPATH\index.php(59): CodeIgniter\Boot::bootWeb(Object(Config\Paths))
12 SYSTEMPATH\rewrite.php(44): require_once('D:\\laragon\\www\\upbnews\\public\\index.php')
CRITICAL - 2025-07-04 16:14:58 --> Error: Call to a member function encrypt() on null
[Method: GET, Route: /]
in APPPATH\Helpers\encrypt_helper.php on line 9.
 1 APPPATH\Views\main\index.php(115): e_text('123')
 2 SYSTEMPATH\View\View.php(224): include('D:\\laragon\\www\\upbnews\\app\\Views\\main\\index.php')
 3 SYSTEMPATH\View\View.php(227): CodeIgniter\View\View->CodeIgniter\View\{closure}()
 4 SYSTEMPATH\Common.php(1173): CodeIgniter\View\View->render('main/index', [], true)
 5 APPPATH\Controllers\Main.php(9): view('main/index')
 6 SYSTEMPATH\CodeIgniter.php(933): App\Controllers\Main->index()
 7 SYSTEMPATH\CodeIgniter.php(507): CodeIgniter\CodeIgniter->runController(Object(App\Controllers\Main))
 8 SYSTEMPATH\CodeIgniter.php(354): CodeIgniter\CodeIgniter->handleRequest(null, Object(Config\Cache), false)
 9 SYSTEMPATH\Boot.php(334): CodeIgniter\CodeIgniter->run()
10 SYSTEMPATH\Boot.php(67): CodeIgniter\Boot::runCodeIgniter(Object(CodeIgniter\CodeIgniter))
11 FCPATH\index.php(59): CodeIgniter\Boot::bootWeb(Object(Config\Paths))
12 SYSTEMPATH\rewrite.php(44): require_once('D:\\laragon\\www\\upbnews\\public\\index.php')
CRITICAL - 2025-07-04 16:16:50 --> Error: Call to a member function encrypt() on null
[Method: GET, Route: /]
in APPPATH\Helpers\encrypt_helper.php on line 9.
 1 APPPATH\Views\main\index.php(115): e_text('123')
 2 SYSTEMPATH\View\View.php(224): include('D:\\laragon\\www\\upbnews\\app\\Views\\main\\index.php')
 3 SYSTEMPATH\View\View.php(227): CodeIgniter\View\View->CodeIgniter\View\{closure}()
 4 SYSTEMPATH\Common.php(1173): CodeIgniter\View\View->render('main/index', [], true)
 5 APPPATH\Controllers\Main.php(9): view('main/index')
 6 SYSTEMPATH\CodeIgniter.php(933): App\Controllers\Main->index()
 7 SYSTEMPATH\CodeIgniter.php(507): CodeIgniter\CodeIgniter->runController(Object(App\Controllers\Main))
 8 SYSTEMPATH\CodeIgniter.php(354): CodeIgniter\CodeIgniter->handleRequest(null, Object(Config\Cache), false)
 9 SYSTEMPATH\Boot.php(334): CodeIgniter\CodeIgniter->run()
10 SYSTEMPATH\Boot.php(67): CodeIgniter\Boot::runCodeIgniter(Object(CodeIgniter\CodeIgniter))
11 FCPATH\index.php(59): CodeIgniter\Boot::bootWeb(Object(Config\Paths))
12 SYSTEMPATH\rewrite.php(44): require_once('D:\\laragon\\www\\upbnews\\public\\index.php')
CRITICAL - 2025-07-04 16:16:51 --> Error: Call to a member function encrypt() on null
[Method: GET, Route: /]
in APPPATH\Helpers\encrypt_helper.php on line 9.
 1 APPPATH\Views\main\index.php(115): e_text('123')
 2 SYSTEMPATH\View\View.php(224): include('D:\\laragon\\www\\upbnews\\app\\Views\\main\\index.php')
 3 SYSTEMPATH\View\View.php(227): CodeIgniter\View\View->CodeIgniter\View\{closure}()
 4 SYSTEMPATH\Common.php(1173): CodeIgniter\View\View->render('main/index', [], true)
 5 APPPATH\Controllers\Main.php(9): view('main/index')
 6 SYSTEMPATH\CodeIgniter.php(933): App\Controllers\Main->index()
 7 SYSTEMPATH\CodeIgniter.php(507): CodeIgniter\CodeIgniter->runController(Object(App\Controllers\Main))
 8 SYSTEMPATH\CodeIgniter.php(354): CodeIgniter\CodeIgniter->handleRequest(null, Object(Config\Cache), false)
 9 SYSTEMPATH\Boot.php(334): CodeIgniter\CodeIgniter->run()
10 SYSTEMPATH\Boot.php(67): CodeIgniter\Boot::runCodeIgniter(Object(CodeIgniter\CodeIgniter))
11 FCPATH\index.php(59): CodeIgniter\Boot::bootWeb(Object(Config\Paths))
12 SYSTEMPATH\rewrite.php(44): require_once('D:\\laragon\\www\\upbnews\\public\\index.php')
CRITICAL - 2025-07-04 16:17:48 --> Error: Call to a member function encrypt() on null
[Method: GET, Route: /]
in APPPATH\Helpers\encrypt_helper.php on line 13.
 1 APPPATH\Views\main\index.php(115): e_text('123')
 2 SYSTEMPATH\View\View.php(224): include('D:\\laragon\\www\\upbnews\\app\\Views\\main\\index.php')
 3 SYSTEMPATH\View\View.php(227): CodeIgniter\View\View->CodeIgniter\View\{closure}()
 4 SYSTEMPATH\Common.php(1173): CodeIgniter\View\View->render('main/index', [], true)
 5 APPPATH\Controllers\Main.php(9): view('main/index')
 6 SYSTEMPATH\CodeIgniter.php(933): App\Controllers\Main->index()
 7 SYSTEMPATH\CodeIgniter.php(507): CodeIgniter\CodeIgniter->runController(Object(App\Controllers\Main))
 8 SYSTEMPATH\CodeIgniter.php(354): CodeIgniter\CodeIgniter->handleRequest(null, Object(Config\Cache), false)
 9 SYSTEMPATH\Boot.php(334): CodeIgniter\CodeIgniter->run()
10 SYSTEMPATH\Boot.php(67): CodeIgniter\Boot::runCodeIgniter(Object(CodeIgniter\CodeIgniter))
11 FCPATH\index.php(59): CodeIgniter\Boot::bootWeb(Object(Config\Paths))
12 SYSTEMPATH\rewrite.php(44): require_once('D:\\laragon\\www\\upbnews\\public\\index.php')
CRITICAL - 2025-07-04 16:17:49 --> Error: Call to a member function encrypt() on null
[Method: GET, Route: /]
in APPPATH\Helpers\encrypt_helper.php on line 13.
 1 APPPATH\Views\main\index.php(115): e_text('123')
 2 SYSTEMPATH\View\View.php(224): include('D:\\laragon\\www\\upbnews\\app\\Views\\main\\index.php')
 3 SYSTEMPATH\View\View.php(227): CodeIgniter\View\View->CodeIgniter\View\{closure}()
 4 SYSTEMPATH\Common.php(1173): CodeIgniter\View\View->render('main/index', [], true)
 5 APPPATH\Controllers\Main.php(9): view('main/index')
 6 SYSTEMPATH\CodeIgniter.php(933): App\Controllers\Main->index()
 7 SYSTEMPATH\CodeIgniter.php(507): CodeIgniter\CodeIgniter->runController(Object(App\Controllers\Main))
 8 SYSTEMPATH\CodeIgniter.php(354): CodeIgniter\CodeIgniter->handleRequest(null, Object(Config\Cache), false)
 9 SYSTEMPATH\Boot.php(334): CodeIgniter\CodeIgniter->run()
10 SYSTEMPATH\Boot.php(67): CodeIgniter\Boot::runCodeIgniter(Object(CodeIgniter\CodeIgniter))
11 FCPATH\index.php(59): CodeIgniter\Boot::bootWeb(Object(Config\Paths))
12 SYSTEMPATH\rewrite.php(44): require_once('D:\\laragon\\www\\upbnews\\public\\index.php')
CRITICAL - 2025-07-04 16:17:49 --> Error: Call to a member function encrypt() on null
[Method: GET, Route: /]
in APPPATH\Helpers\encrypt_helper.php on line 13.
 1 APPPATH\Views\main\index.php(115): e_text('123')
 2 SYSTEMPATH\View\View.php(224): include('D:\\laragon\\www\\upbnews\\app\\Views\\main\\index.php')
 3 SYSTEMPATH\View\View.php(227): CodeIgniter\View\View->CodeIgniter\View\{closure}()
 4 SYSTEMPATH\Common.php(1173): CodeIgniter\View\View->render('main/index', [], true)
 5 APPPATH\Controllers\Main.php(9): view('main/index')
 6 SYSTEMPATH\CodeIgniter.php(933): App\Controllers\Main->index()
 7 SYSTEMPATH\CodeIgniter.php(507): CodeIgniter\CodeIgniter->runController(Object(App\Controllers\Main))
 8 SYSTEMPATH\CodeIgniter.php(354): CodeIgniter\CodeIgniter->handleRequest(null, Object(Config\Cache), false)
 9 SYSTEMPATH\Boot.php(334): CodeIgniter\CodeIgniter->run()
10 SYSTEMPATH\Boot.php(67): CodeIgniter\Boot::runCodeIgniter(Object(CodeIgniter\CodeIgniter))
11 FCPATH\index.php(59): CodeIgniter\Boot::bootWeb(Object(Config\Paths))
12 SYSTEMPATH\rewrite.php(44): require_once('D:\\laragon\\www\\upbnews\\public\\index.php')
CRITICAL - 2025-07-04 16:18:39 --> Error: Call to undefined method CodeIgniter\Encryption\Encryption::encrypt()
[Method: GET, Route: /]
in APPPATH\Helpers\encrypt_helper.php on line 16.
 1 APPPATH\Views\main\index.php(115): e_text('123')
 2 SYSTEMPATH\View\View.php(224): include('D:\\laragon\\www\\upbnews\\app\\Views\\main\\index.php')
 3 SYSTEMPATH\View\View.php(227): CodeIgniter\View\View->CodeIgniter\View\{closure}()
 4 SYSTEMPATH\Common.php(1173): CodeIgniter\View\View->render('main/index', [], true)
 5 APPPATH\Controllers\Main.php(9): view('main/index')
 6 SYSTEMPATH\CodeIgniter.php(933): App\Controllers\Main->index()
 7 SYSTEMPATH\CodeIgniter.php(507): CodeIgniter\CodeIgniter->runController(Object(App\Controllers\Main))
 8 SYSTEMPATH\CodeIgniter.php(354): CodeIgniter\CodeIgniter->handleRequest(null, Object(Config\Cache), false)
 9 SYSTEMPATH\Boot.php(334): CodeIgniter\CodeIgniter->run()
10 SYSTEMPATH\Boot.php(67): CodeIgniter\Boot::runCodeIgniter(Object(CodeIgniter\CodeIgniter))
11 FCPATH\index.php(59): CodeIgniter\Boot::bootWeb(Object(Config\Paths))
12 SYSTEMPATH\rewrite.php(44): require_once('D:\\laragon\\www\\upbnews\\public\\index.php')
CRITICAL - 2025-07-04 16:24:47 --> CodeIgniter\View\Exceptions\ViewException: Invalid file: "templates/popular_news.php"
[Method: GET, Route: /]
in SYSTEMPATH\Exceptions\FrameworkException.php on line 39.
 1 SYSTEMPATH\View\View.php(212): CodeIgniter\Exceptions\FrameworkException::forInvalidFile('templates/popular_news.php')
 2 SYSTEMPATH\View\View.php(475): CodeIgniter\View\View->render('templates/popular_news', null, true)
 3 APPPATH\Views\templates\index.php(19): CodeIgniter\View\View->include('templates/popular_news')
 4 SYSTEMPATH\View\View.php(224): include('D:\\laragon\\www\\upbnews\\app\\Views\\templates\\index.php')
 5 SYSTEMPATH\View\View.php(227): CodeIgniter\View\View->CodeIgniter\View\{closure}()
 6 SYSTEMPATH\View\View.php(240): CodeIgniter\View\View->render('templates/index', [], true)
 7 SYSTEMPATH\Common.php(1173): CodeIgniter\View\View->render('main/index', [], true)
 8 APPPATH\Controllers\Main.php(9): view('main/index')
 9 SYSTEMPATH\CodeIgniter.php(933): App\Controllers\Main->index()
10 SYSTEMPATH\CodeIgniter.php(507): CodeIgniter\CodeIgniter->runController(Object(App\Controllers\Main))
11 SYSTEMPATH\CodeIgniter.php(354): CodeIgniter\CodeIgniter->handleRequest(null, Object(Config\Cache), false)
12 SYSTEMPATH\Boot.php(334): CodeIgniter\CodeIgniter->run()
13 SYSTEMPATH\Boot.php(67): CodeIgniter\Boot::runCodeIgniter(Object(CodeIgniter\CodeIgniter))
14 FCPATH\index.php(59): CodeIgniter\Boot::bootWeb(Object(Config\Paths))
15 SYSTEMPATH\rewrite.php(44): require_once('D:\\laragon\\www\\upbnews\\public\\index.php')
CRITICAL - 2025-07-04 16:29:32 --> ParseError: syntax error, unexpected token "use"
[Method: GET, Route: /]
in APPPATH\Controllers\Main.php on line 9.
 1 SYSTEMPATH\Autoloader\Autoloader.php(295): CodeIgniter\Autoloader\Autoloader->includeFile('D:\\laragon\\www\\upbnews\\app\\Controllers\\Main.php')
 2 SYSTEMPATH\Autoloader\Autoloader.php(271): CodeIgniter\Autoloader\Autoloader->loadInNamespace('App\\Controllers\\Main')
 3 [internal function]: CodeIgniter\Autoloader\Autoloader->loadClass('App\\Controllers\\Main')
 4 SYSTEMPATH\CodeIgniter.php(885): class_exists('\\App\\Controllers\\Main', true)
 5 SYSTEMPATH\CodeIgniter.php(494): CodeIgniter\CodeIgniter->startController()
 6 SYSTEMPATH\CodeIgniter.php(354): CodeIgniter\CodeIgniter->handleRequest(null, Object(Config\Cache), false)
 7 SYSTEMPATH\Boot.php(334): CodeIgniter\CodeIgniter->run()
 8 SYSTEMPATH\Boot.php(67): CodeIgniter\Boot::runCodeIgniter(Object(CodeIgniter\CodeIgniter))
 9 FCPATH\index.php(59): CodeIgniter\Boot::bootWeb(Object(Config\Paths))
10 SYSTEMPATH\rewrite.php(44): require_once('D:\\laragon\\www\\upbnews\\public\\index.php')
CRITICAL - 2025-07-04 16:30:58 --> Error: Class "App\Controllers\CategoryModel" not found
[Method: GET, Route: /]
in APPPATH\Controllers\Main.php on line 10.
 1 SYSTEMPATH\CodeIgniter.php(933): App\Controllers\Main->index()
 2 SYSTEMPATH\CodeIgniter.php(507): CodeIgniter\CodeIgniter->runController(Object(App\Controllers\Main))
 3 SYSTEMPATH\CodeIgniter.php(354): CodeIgniter\CodeIgniter->handleRequest(null, Object(Config\Cache), false)
 4 SYSTEMPATH\Boot.php(334): CodeIgniter\CodeIgniter->run()
 5 SYSTEMPATH\Boot.php(67): CodeIgniter\Boot::runCodeIgniter(Object(CodeIgniter\CodeIgniter))
 6 FCPATH\index.php(59): CodeIgniter\Boot::bootWeb(Object(Config\Paths))
 7 SYSTEMPATH\rewrite.php(44): require_once('D:\\laragon\\www\\upbnews\\public\\index.php')
CRITICAL - 2025-07-04 16:31:15 --> ErrorException: Undefined variable $category
[Method: GET, Route: /]
in APPPATH\Views\main\index.php on line 349.
 1 APPPATH\Views\main\index.php(349): CodeIgniter\Debug\Exceptions->errorHandler(2, 'Undefined variable $category', 'D:\\laragon\\www\\upbnews\\app\\Views\\main\\index.php', 349)
 2 SYSTEMPATH\View\View.php(224): include('D:\\laragon\\www\\upbnews\\app\\Views\\main\\index.php')
 3 SYSTEMPATH\View\View.php(227): CodeIgniter\View\View->CodeIgniter\View\{closure}()
 4 SYSTEMPATH\Common.php(1173): CodeIgniter\View\View->render('main/index', [], true)
 5 APPPATH\Controllers\Main.php(13): view('main/index')
 6 SYSTEMPATH\CodeIgniter.php(933): App\Controllers\Main->index()
 7 SYSTEMPATH\CodeIgniter.php(507): CodeIgniter\CodeIgniter->runController(Object(App\Controllers\Main))
 8 SYSTEMPATH\CodeIgniter.php(354): CodeIgniter\CodeIgniter->handleRequest(null, Object(Config\Cache), false)
 9 SYSTEMPATH\Boot.php(334): CodeIgniter\CodeIgniter->run()
10 SYSTEMPATH\Boot.php(67): CodeIgniter\Boot::runCodeIgniter(Object(CodeIgniter\CodeIgniter))
11 FCPATH\index.php(59): CodeIgniter\Boot::bootWeb(Object(Config\Paths))
12 SYSTEMPATH\rewrite.php(44): require_once('D:\\laragon\\www\\upbnews\\public\\index.php')
CRITICAL - 2025-07-04 16:44:20 --> CodeIgniter\View\Exceptions\ViewException: Invalid file: "article/create.php"
[Method: GET, Route: article/create]
in SYSTEMPATH\Exceptions\FrameworkException.php on line 39.
 1 SYSTEMPATH\View\View.php(212): CodeIgniter\Exceptions\FrameworkException::forInvalidFile('article/create.php')
 2 SYSTEMPATH\Common.php(1173): CodeIgniter\View\View->render('article/create', [], true)
 3 APPPATH\Controllers\Article.php(9): view('article/create')
 4 SYSTEMPATH\CodeIgniter.php(933): App\Controllers\Article->create()
 5 SYSTEMPATH\CodeIgniter.php(507): CodeIgniter\CodeIgniter->runController(Object(App\Controllers\Article))
 6 SYSTEMPATH\CodeIgniter.php(354): CodeIgniter\CodeIgniter->handleRequest(null, Object(Config\Cache), false)
 7 SYSTEMPATH\Boot.php(334): CodeIgniter\CodeIgniter->run()
 8 SYSTEMPATH\Boot.php(67): CodeIgniter\Boot::runCodeIgniter(Object(CodeIgniter\CodeIgniter))
 9 FCPATH\index.php(59): CodeIgniter\Boot::bootWeb(Object(Config\Paths))
10 SYSTEMPATH\rewrite.php(44): require_once('D:\\laragon\\www\\upbnews\\public\\index.php')
CRITICAL - 2025-07-04 16:45:02 --> CodeIgniter\View\Exceptions\ViewException: Invalid file: "article/create.php"
[Method: GET, Route: article/create]
in SYSTEMPATH\Exceptions\FrameworkException.php on line 39.
 1 SYSTEMPATH\View\View.php(212): CodeIgniter\Exceptions\FrameworkException::forInvalidFile('article/create.php')
 2 SYSTEMPATH\Common.php(1173): CodeIgniter\View\View->render('article/create', [], true)
 3 APPPATH\Controllers\Article.php(11): view('article/create')
 4 SYSTEMPATH\CodeIgniter.php(933): App\Controllers\Article->create()
 5 SYSTEMPATH\CodeIgniter.php(507): CodeIgniter\CodeIgniter->runController(Object(App\Controllers\Article))
 6 SYSTEMPATH\CodeIgniter.php(354): CodeIgniter\CodeIgniter->handleRequest(null, Object(Config\Cache), false)
 7 SYSTEMPATH\Boot.php(334): CodeIgniter\CodeIgniter->run()
 8 SYSTEMPATH\Boot.php(67): CodeIgniter\Boot::runCodeIgniter(Object(CodeIgniter\CodeIgniter))
 9 FCPATH\index.php(59): CodeIgniter\Boot::bootWeb(Object(Config\Paths))
10 SYSTEMPATH\rewrite.php(44): require_once('D:\\laragon\\www\\upbnews\\public\\index.php')
CRITICAL - 2025-07-04 16:46:29 --> CodeIgniter\View\Exceptions\ViewException: Invalid file: "article/create.php"
[Method: GET, Route: article/create]
in SYSTEMPATH\Exceptions\FrameworkException.php on line 39.
 1 SYSTEMPATH\View\View.php(212): CodeIgniter\Exceptions\FrameworkException::forInvalidFile('article/create.php')
 2 SYSTEMPATH\Common.php(1173): CodeIgniter\View\View->render('article/create', [], true)
 3 APPPATH\Controllers\Article.php(11): view('article/create')
 4 SYSTEMPATH\CodeIgniter.php(933): App\Controllers\Article->create()
 5 SYSTEMPATH\CodeIgniter.php(507): CodeIgniter\CodeIgniter->runController(Object(App\Controllers\Article))
 6 SYSTEMPATH\CodeIgniter.php(354): CodeIgniter\CodeIgniter->handleRequest(null, Object(Config\Cache), false)
 7 SYSTEMPATH\Boot.php(334): CodeIgniter\CodeIgniter->run()
 8 SYSTEMPATH\Boot.php(67): CodeIgniter\Boot::runCodeIgniter(Object(CodeIgniter\CodeIgniter))
 9 FCPATH\index.php(59): CodeIgniter\Boot::bootWeb(Object(Config\Paths))
10 SYSTEMPATH\rewrite.php(44): require_once('D:\\laragon\\www\\upbnews\\public\\index.php')
CRITICAL - 2025-07-04 16:46:31 --> CodeIgniter\View\Exceptions\ViewException: Invalid file: "article/create.php"
[Method: GET, Route: article/create]
in SYSTEMPATH\Exceptions\FrameworkException.php on line 39.
 1 SYSTEMPATH\View\View.php(212): CodeIgniter\Exceptions\FrameworkException::forInvalidFile('article/create.php')
 2 SYSTEMPATH\Common.php(1173): CodeIgniter\View\View->render('article/create', [], true)
 3 APPPATH\Controllers\Article.php(11): view('article/create')
 4 SYSTEMPATH\CodeIgniter.php(933): App\Controllers\Article->create()
 5 SYSTEMPATH\CodeIgniter.php(507): CodeIgniter\CodeIgniter->runController(Object(App\Controllers\Article))
 6 SYSTEMPATH\CodeIgniter.php(354): CodeIgniter\CodeIgniter->handleRequest(null, Object(Config\Cache), false)
 7 SYSTEMPATH\Boot.php(334): CodeIgniter\CodeIgniter->run()
 8 SYSTEMPATH\Boot.php(67): CodeIgniter\Boot::runCodeIgniter(Object(CodeIgniter\CodeIgniter))
 9 FCPATH\index.php(59): CodeIgniter\Boot::bootWeb(Object(Config\Paths))
10 SYSTEMPATH\rewrite.php(44): require_once('D:\\laragon\\www\\upbnews\\public\\index.php')
CRITICAL - 2025-07-04 16:47:21 --> CodeIgniter\View\Exceptions\ViewException: Invalid file: "article/create.php"
[Method: GET, Route: article/create]
in SYSTEMPATH\Exceptions\FrameworkException.php on line 39.
 1 SYSTEMPATH\View\View.php(212): CodeIgniter\Exceptions\FrameworkException::forInvalidFile('article/create.php')
 2 SYSTEMPATH\Common.php(1173): CodeIgniter\View\View->render('article/create', [], true)
 3 APPPATH\Controllers\Article.php(11): view('article/create')
 4 SYSTEMPATH\CodeIgniter.php(933): App\Controllers\Article->create()
 5 SYSTEMPATH\CodeIgniter.php(507): CodeIgniter\CodeIgniter->runController(Object(App\Controllers\Article))
 6 SYSTEMPATH\CodeIgniter.php(354): CodeIgniter\CodeIgniter->handleRequest(null, Object(Config\Cache), false)
 7 SYSTEMPATH\Boot.php(334): CodeIgniter\CodeIgniter->run()
 8 SYSTEMPATH\Boot.php(67): CodeIgniter\Boot::runCodeIgniter(Object(CodeIgniter\CodeIgniter))
 9 FCPATH\index.php(59): CodeIgniter\Boot::bootWeb(Object(Config\Paths))
10 SYSTEMPATH\rewrite.php(44): require_once('D:\\laragon\\www\\upbnews\\public\\index.php')
CRITICAL - 2025-07-04 16:47:24 --> CodeIgniter\View\Exceptions\ViewException: Invalid file: "article/create.php"
[Method: GET, Route: article/create]
in SYSTEMPATH\Exceptions\FrameworkException.php on line 39.
 1 SYSTEMPATH\View\View.php(212): CodeIgniter\Exceptions\FrameworkException::forInvalidFile('article/create.php')
 2 SYSTEMPATH\Common.php(1173): CodeIgniter\View\View->render('article/create', [], true)
 3 APPPATH\Controllers\Article.php(11): view('article/create')
 4 SYSTEMPATH\CodeIgniter.php(933): App\Controllers\Article->create()
 5 SYSTEMPATH\CodeIgniter.php(507): CodeIgniter\CodeIgniter->runController(Object(App\Controllers\Article))
 6 SYSTEMPATH\CodeIgniter.php(354): CodeIgniter\CodeIgniter->handleRequest(null, Object(Config\Cache), false)
 7 SYSTEMPATH\Boot.php(334): CodeIgniter\CodeIgniter->run()
 8 SYSTEMPATH\Boot.php(67): CodeIgniter\Boot::runCodeIgniter(Object(CodeIgniter\CodeIgniter))
 9 FCPATH\index.php(59): CodeIgniter\Boot::bootWeb(Object(Config\Paths))
10 SYSTEMPATH\rewrite.php(44): require_once('D:\\laragon\\www\\upbnews\\public\\index.php')
CRITICAL - 2025-07-04 16:47:24 --> CodeIgniter\View\Exceptions\ViewException: Invalid file: "article/create.php"
[Method: GET, Route: article/create]
in SYSTEMPATH\Exceptions\FrameworkException.php on line 39.
 1 SYSTEMPATH\View\View.php(212): CodeIgniter\Exceptions\FrameworkException::forInvalidFile('article/create.php')
 2 SYSTEMPATH\Common.php(1173): CodeIgniter\View\View->render('article/create', [], true)
 3 APPPATH\Controllers\Article.php(11): view('article/create')
 4 SYSTEMPATH\CodeIgniter.php(933): App\Controllers\Article->create()
 5 SYSTEMPATH\CodeIgniter.php(507): CodeIgniter\CodeIgniter->runController(Object(App\Controllers\Article))
 6 SYSTEMPATH\CodeIgniter.php(354): CodeIgniter\CodeIgniter->handleRequest(null, Object(Config\Cache), false)
 7 SYSTEMPATH\Boot.php(334): CodeIgniter\CodeIgniter->run()
 8 SYSTEMPATH\Boot.php(67): CodeIgniter\Boot::runCodeIgniter(Object(CodeIgniter\CodeIgniter))
 9 FCPATH\index.php(59): CodeIgniter\Boot::bootWeb(Object(Config\Paths))
10 SYSTEMPATH\rewrite.php(44): require_once('D:\\laragon\\www\\upbnews\\public\\index.php')
CRITICAL - 2025-07-04 16:47:25 --> CodeIgniter\View\Exceptions\ViewException: Invalid file: "article/create.php"
[Method: GET, Route: article/create]
in SYSTEMPATH\Exceptions\FrameworkException.php on line 39.
 1 SYSTEMPATH\View\View.php(212): CodeIgniter\Exceptions\FrameworkException::forInvalidFile('article/create.php')
 2 SYSTEMPATH\Common.php(1173): CodeIgniter\View\View->render('article/create', [], true)
 3 APPPATH\Controllers\Article.php(11): view('article/create')
 4 SYSTEMPATH\CodeIgniter.php(933): App\Controllers\Article->create()
 5 SYSTEMPATH\CodeIgniter.php(507): CodeIgniter\CodeIgniter->runController(Object(App\Controllers\Article))
 6 SYSTEMPATH\CodeIgniter.php(354): CodeIgniter\CodeIgniter->handleRequest(null, Object(Config\Cache), false)
 7 SYSTEMPATH\Boot.php(334): CodeIgniter\CodeIgniter->run()
 8 SYSTEMPATH\Boot.php(67): CodeIgniter\Boot::runCodeIgniter(Object(CodeIgniter\CodeIgniter))
 9 FCPATH\index.php(59): CodeIgniter\Boot::bootWeb(Object(Config\Paths))
10 SYSTEMPATH\rewrite.php(44): require_once('D:\\laragon\\www\\upbnews\\public\\index.php')
CRITICAL - 2025-07-04 16:47:52 --> CodeIgniter\View\Exceptions\ViewException: Invalid file: "article/create.php"
[Method: GET, Route: article/create]
in SYSTEMPATH\Exceptions\FrameworkException.php on line 39.
 1 SYSTEMPATH\View\View.php(212): CodeIgniter\Exceptions\FrameworkException::forInvalidFile('article/create.php')
 2 SYSTEMPATH\Common.php(1173): CodeIgniter\View\View->render('article/create', [], true)
 3 APPPATH\Controllers\Article.php(11): view('article/create')
 4 SYSTEMPATH\CodeIgniter.php(933): App\Controllers\Article->create()
 5 SYSTEMPATH\CodeIgniter.php(507): CodeIgniter\CodeIgniter->runController(Object(App\Controllers\Article))
 6 SYSTEMPATH\CodeIgniter.php(354): CodeIgniter\CodeIgniter->handleRequest(null, Object(Config\Cache), false)
 7 SYSTEMPATH\Boot.php(334): CodeIgniter\CodeIgniter->run()
 8 SYSTEMPATH\Boot.php(67): CodeIgniter\Boot::runCodeIgniter(Object(CodeIgniter\CodeIgniter))
 9 FCPATH\index.php(59): CodeIgniter\Boot::bootWeb(Object(Config\Paths))
10 SYSTEMPATH\rewrite.php(44): require_once('D:\\laragon\\www\\upbnews\\public\\index.php')
CRITICAL - 2025-07-04 16:48:14 --> CodeIgniter\View\Exceptions\ViewException: Invalid file: "article/create.php"
[Method: GET, Route: article/create]
in SYSTEMPATH\Exceptions\FrameworkException.php on line 39.
 1 SYSTEMPATH\View\View.php(212): CodeIgniter\Exceptions\FrameworkException::forInvalidFile('article/create.php')
 2 SYSTEMPATH\Common.php(1173): CodeIgniter\View\View->render('article/create', [], true)
 3 APPPATH\Controllers\Article.php(11): view('article/create')
 4 SYSTEMPATH\CodeIgniter.php(933): App\Controllers\Article->create()
 5 SYSTEMPATH\CodeIgniter.php(507): CodeIgniter\CodeIgniter->runController(Object(App\Controllers\Article))
 6 SYSTEMPATH\CodeIgniter.php(354): CodeIgniter\CodeIgniter->handleRequest(null, Object(Config\Cache), false)
 7 SYSTEMPATH\Boot.php(334): CodeIgniter\CodeIgniter->run()
 8 SYSTEMPATH\Boot.php(67): CodeIgniter\Boot::runCodeIgniter(Object(CodeIgniter\CodeIgniter))
 9 FCPATH\index.php(59): CodeIgniter\Boot::bootWeb(Object(Config\Paths))
10 SYSTEMPATH\rewrite.php(44): require_once('D:\\laragon\\www\\upbnews\\public\\index.php')
CRITICAL - 2025-07-04 16:48:17 --> CodeIgniter\View\Exceptions\ViewException: Invalid file: "article/create.php"
[Method: GET, Route: article/create]
in SYSTEMPATH\Exceptions\FrameworkException.php on line 39.
 1 SYSTEMPATH\View\View.php(212): CodeIgniter\Exceptions\FrameworkException::forInvalidFile('article/create.php')
 2 SYSTEMPATH\Common.php(1173): CodeIgniter\View\View->render('article/create', [], true)
 3 APPPATH\Controllers\Article.php(11): view('article/create')
 4 SYSTEMPATH\CodeIgniter.php(933): App\Controllers\Article->create()
 5 SYSTEMPATH\CodeIgniter.php(507): CodeIgniter\CodeIgniter->runController(Object(App\Controllers\Article))
 6 SYSTEMPATH\CodeIgniter.php(354): CodeIgniter\CodeIgniter->handleRequest(null, Object(Config\Cache), false)
 7 SYSTEMPATH\Boot.php(334): CodeIgniter\CodeIgniter->run()
 8 SYSTEMPATH\Boot.php(67): CodeIgniter\Boot::runCodeIgniter(Object(CodeIgniter\CodeIgniter))
 9 FCPATH\index.php(59): CodeIgniter\Boot::bootWeb(Object(Config\Paths))
10 SYSTEMPATH\rewrite.php(44): require_once('D:\\laragon\\www\\upbnews\\public\\index.php')
